<?xml version="1.0" encoding="UTF-8"?>
<!-- Generated by org.testng.reporters.JUnitReportReporter -->
<testsuite hostname="DESKTOP-MMSR92P" failures="0" tests="1" name="grid.Gridsampletest" time="2.291" errors="0" timestamp="7 Apr 2025 05:20:05 GMT">
  <testcase classname="grid.Gridsampletest" name="sample" time="2.291"/>
</testsuite> <!-- grid.Gridsampletest -->
